

Starting up. 20:13.30
---------------------
[20:13:33]ADMIN: Loading jobban_rank
[20:13:33]ADMIN: jobban_keylist was empty
[20:13:33]ADMIN: Loading Banlist
[20:13:33]ADMIN: Banlist is empty.
[20:13:33]ADMIN: Banlist missing base dir.
[20:13:41]DEBUG: Rebuilding Master Controller
[20:20:33]ACCESS: Login: S_Sting/(S_Sting) from 127.0.0.1-1323850029 || BYOND v506
[20:20:56]ADMIN: S_Sting has started the game.
[20:21:01]DEBUG: Next event of severity Mundane in 13.864 minutes.
[20:21:01]DEBUG: Next event of severity Moderate in 39.048 minutes.
[20:21:01]DEBUG: Next event of severity Major in 91.6167 minutes.
[20:21:05]OOC: S_Sting/S_Sting : &amp;#255; пидра
[20:21:06]SAY: Experiment 97d/ : Eh?
[20:21:14]ACCESS: Logout: *no key*/(S_Sting)
[20:21:14]ACCESS: Login: S_Sting/(Bruce Faust) from 127.0.0.1-1323850029 || BYOND v506
[20:21:20]EMOTE: Ian/ : <B>Ian</B> dances around
[20:21:23]SAY: Bruce Faust/S_Sting : &amp;#255; пидра
[20:21:58]EMOTE: mouse (838)/ : <B>The mouse (838)</B> shakes.
[20:22:16]EMOTE: Coffee/ : <B>Coffee</B> clicks.
[20:22:42]EMOTE: mouse (561)/ : <B>The mouse (561)</B> squeeks.
[20:22:54]EMOTE: mouse (561)/ : <B>The mouse (561)</B> squeaks.
[20:23:14]SAY: Runtime/ : Esp!
[20:23:54]EMOTE: mouse (322)/ : <B>The mouse (322)</B> squiks.
[20:24:00]SAY: mouse (561)/ : Squeek?
[20:24:41]EMOTE: Runtime/ : <B>Runtime</B> shakes their head.
[20:24:57]EMOTE: Experiment 68a/ : <B>Experiment 68a</B> clacks.
[20:25:05]EMOTE: mouse (561)/ : <B>The mouse (561)</B> scritches at something.
[20:25:59]EMOTE: mouse (770)/ : <B>The mouse (770)</B> squiks.
[20:26:33]EMOTE: Ian/ : <B>Ian</B> chases their tail
[20:26:43]SAY: Runtime/ : HSSSSS
[20:27:05]EMOTE: Experiment 68a/ : <B>Experiment 68a</B> clacks.
[20:27:14]ACCESS: Logout: S_Sting/(Bruce Faust)


Starting up. 21:48.02
---------------------
[21:48:04]ADMIN: Loading jobban_rank
[21:48:04]ADMIN: jobban_keylist was empty
[21:48:04]ADMIN: Loading Banlist
[21:48:12]DEBUG: Rebuilding Master Controller
[21:49:01]ACCESS: Login: S_Sting/(S_Sting) from 127.0.0.1-1323850029 || BYOND v506
[21:49:29]OOC: S_Sting/S_Sting : я
[21:49:39]OOC: S_Sting/S_Sting : ты &amp;#255;
[21:51:36]VOTE: Gamemode vote started by the server.
[21:51:36]DEBUG: The server has called a gamemode vote
[21:52:36]VOTE: <b>Vote Result: Inconclusive - No Votes!</b>
[21:54:08]DEBUG: Next event of severity Mundane in 15.28 minutes.
[21:54:08]DEBUG: Next event of severity Moderate in 36.6 minutes.
[21:54:08]DEBUG: Next event of severity Major in 88.38 minutes.
[21:54:09]ACCESS: Logout: *no key*/(S_Sting)
[21:54:09]ACCESS: Login: S_Sting/(Justin Wilson) from 127.0.0.1-1323850029 || BYOND v506
[21:54:21]SAY: Justin Wilson/S_Sting : карас&amp;amp;#255;
[21:54:34]SAY: Justin Wilson/S_Sting : &amp;amp;#255;
[21:54:42]EMOTE: Experiment 97d/ : <B>Experiment 97d</B> brays.
[21:54:46]EMOTE: mouse (818)/ : <B>The mouse (818)</B> squeeks.
[21:55:33]SAY: grey baby slime (704)/ : Blop...
[21:56:09]EMOTE: Tom (620)/ : <B>Tom (620)</B> squeeks.
[21:56:11]EMOTE: Experiment 68a/ : <B>Experiment 68a</B> clacks.
[21:56:45]EMOTE: Ian/ : <B>Ian</B> dances around
[21:56:51]EMOTE: mouse (486)/ : <B>The mouse (486)</B> squeaks.
[21:57:07]EMOTE: Tom (620)/ : <B>Tom (620)</B> scritches at something.
[21:57:42]EMOTE: Justin Wilson/S_Sting : <B>Justin Wilson</B> z
[21:57:47]EMOTE: Justin Wilson/S_Sting : <B>Justin Wilson</B> &amp;#255;
[21:57:49]EMOTE: Ian/ : <B>Ian</B> woofs.
[21:58:13]EMOTE: Ian/ : <B>Ian</B> dances around
[21:58:15]ADMIN: S_Sting/(Justin Wilson) jumped to 112,167,1 in the Security lobby
[21:58:21]EMOTE: Ian/ : <B>Ian</B> dances around
[21:58:54]SAY: grey baby slime (844)/ : Blorble...
[21:58:54]EMOTE: mouse (486)/ : <B>The mouse (486)</B> squiks.
[21:59:20]SAY: mouse (789)/ : Squeek?
[21:59:30]SAY: grey baby slime (844)/ : Blorble...
[21:59:54]SAY: Runtime/ : HSSSSS
[22:00:38]EMOTE: Experiment 97d/ : <B>Experiment 97d</B> glares around.
[22:00:53]SAY: grey baby slime (704)/ : Rawr...
[22:00:57]SAY: grey baby slime (844)/ : Blorble...
[22:02:31]ACCESS: Logout: S_Sting/(Justin Wilson)


Starting up. 22:10.47
---------------------
[22:10:50]ADMIN: Loading jobban_rank
[22:10:50]ADMIN: jobban_keylist was empty
[22:10:50]ADMIN: Loading Banlist
[22:10:57]DEBUG: Rebuilding Master Controller
[22:14:29]ACCESS: Login: S_Sting/(S_Sting) from 127.0.0.1-1323850029 || BYOND v506
[22:14:39]OOC: S_Sting/S_Sting :  арас&amp;#255;
[22:15:01]ADMIN: S_Sting has started the game.
[22:15:02]ACCESS: Logout: *no key*/(S_Sting)
[22:15:02]ACCESS: Login: S_Sting/(Issac Benford) from 127.0.0.1-1323850029 || BYOND v506
[22:15:13]DEBUG: Next event of severity Mundane in 15.486 minutes.
[22:15:13]DEBUG: Next event of severity Moderate in 47.734 minutes.
[22:15:13]DEBUG: Next event of severity Major in 83.3933 minutes.
[22:15:21]SAY: Issac Benford/S_Sting : ѕидр
[22:15:23]SAY: Issac Benford/S_Sting :  то?
[22:15:25]SAY: Issac Benford/S_Sting : &amp;amp;#255;
[22:15:27]EMOTE: mouse (881)/ : <B>The mouse (881)</B> runs in a circle.
[22:15:36]ADMIN: S_Sting/(Issac Benford) jumped to 184,145,1 in the Chapel
[22:15:51]SAY: grey baby slime (15)/ : Blop...
[22:15:57]EMOTE: Ian/ : <B>Ian</B> pants.
[22:16:14]EMOTE: Ian/ : <B>Ian</B> chases their tail
[22:16:42]EMOTE: Experiment 68a/ : <B>Experiment 68a</B> clacks.
[22:16:44]EMOTE: Experiment 68a/ : <B>Experiment 68a</B> clicks.
[22:18:00]EMOTE: mouse (881)/ : <B>The mouse (881)</B> scritches at something.
[22:19:45]EMOTE: Ian/ : <B>Ian</B> barks.
[22:19:53]EMOTE: crab/ : <B>The crab</B> clacks.
[22:20:01]SAY: mouse (405)/ : Squeek?
[22:20:27]SAY: mouse (8)/ : SQUEEK!
[22:22:36]EMOTE: Ian/ : <B>Ian</B> chases their tail
[22:23:06]EMOTE: Ian/ : <B>Ian</B> chases their tail
[22:23:32]EMOTE: Coffee/ : <B>Coffee</B> clicks.
[22:24:29]EMOTE: Experiment 68a/ : <B>Experiment 68a</B> clacks.
[22:24:55]ACCESS: Logout: S_Sting/(Issac Benford)


Starting up. 22:46.52
---------------------
[22:46:55]ADMIN: Loading jobban_rank
[22:46:55]ADMIN: jobban_keylist was empty
[22:46:55]ADMIN: Loading Banlist
[22:47:03]DEBUG: Rebuilding Master Controller
[22:48:40]ACCESS: Login: S_Sting/(S_Sting) from 127.0.0.1-1323850029 || BYOND v506
[22:49:15]OOC: S_Sting/S_Sting : ч
[22:49:18]OOC: S_Sting/S_Sting : &amp;amp;#255;
[22:49:46]ADMIN: S_Sting has started the game.
[22:49:46]ACCESS: Logout: *no key*/(S_Sting)
[22:49:46]ACCESS: Login: S_Sting/(Nydia Seidner) from 127.0.0.1-1323850029 || BYOND v506
[22:49:51]DEBUG: Next event of severity Mundane in 15.036 minutes.
[22:49:51]DEBUG: Next event of severity Moderate in 47.42 minutes.
[22:49:51]DEBUG: Next event of severity Major in 89.57 minutes.
[22:50:40]EMOTE: mouse (30)/ : <B>The mouse (30)</B> squeaks.
[22:50:45]SAY: Experiment 97d/ : Eh?
[22:51:17]SAY: Ian/ : Woof!
[22:51:21]EMOTE: mouse (195)/ : <B>The mouse (195)</B> runs in a circle.
[22:51:29]EMOTE: mouse (195)/ : <B>The mouse (195)</B> scritches at something.
[22:51:49]EMOTE: mouse (86)/ : <B>The mouse (86)</B> squeaks.
[22:52:35]SAY: Experiment 97d/ : Eh?
[22:52:53]EMOTE: Ian/ : <B>Ian</B> chases their tail
[22:53:19]EMOTE: mouse (86)/ : <B>The mouse (86)</B> squeaks.
[22:53:44]EMOTE: mouse (30)/ : <B>The mouse (30)</B> shakes.
[22:53:46]EMOTE: Ian/ : <B>Ian</B> chases their tail
[22:53:56]EMOTE: Coffee/ : <B>Coffee</B> clicks.
[22:54:26]EMOTE: Ian/ : <B>Ian</B> chases their tail
[22:55:02]SAY: Nydia Seidner/S_Sting : &amp;amp;amp;#255;
[22:55:06]EMOTE: Experiment 97d/ : <B>Experiment 97d</B> shakes its head.
[22:55:09]SAY: Nydia Seidner/S_Sting : &amp;amp;amp;#255;&amp;amp;amp;#255;&amp;amp;amp;#255;
[22:55:10]EMOTE: Experiment 68a/ : <B>Experiment 68a</B> clicks.
[22:55:30]EMOTE: crab/ : <B>The crab</B> clacks.
[22:55:48]ACCESS: Logout: S_Sting/(Nydia Seidner)


Starting up. 23:00.11
---------------------
[23:00:15]ADMIN: Loading jobban_rank
[23:00:15]ADMIN: jobban_keylist was empty
[23:00:15]ADMIN: Loading Banlist
[23:00:25]DEBUG: Rebuilding Master Controller
[23:12:11]ACCESS: Login: S_Sting/(S_Sting) from 127.0.0.1-1323850029 || BYOND v506
[23:12:50]ADMIN: S_Sting has started the game.
[23:12:56]DEBUG: Next event of severity Mundane in 17.596 minutes.
[23:12:56]DEBUG: Next event of severity Moderate in 49.356 minutes.
[23:12:56]DEBUG: Next event of severity Major in 98.485 minutes.
[23:12:56]EMOTE: mouse (773)/ : <B>The mouse (773)</B> squeeks.
[23:13:02]ACCESS: Logout: S_Sting/(S_Sting)
[23:13:10]ACCESS: Login: S_Sting/(S_Sting) from 127.0.0.1-1323850029 || BYOND v506
[23:13:28]ACCESS: Logout: *no key*/(S_Sting)
[23:13:28]ACCESS: Login: S_Sting/(Hannah Cypret) from 127.0.0.1-1323850029 || BYOND v506
[23:13:35]SAY: Hannah Cypret/S_Sting : &amp;#255;;;
[23:13:36]EMOTE: mouse (808)/ : <B>The mouse (808)</B> squeeks.
[23:13:37]SAY: Hannah Cypret/S_Sting : &amp;#255;;;&amp;#255;;;&amp;#255;;;
[23:13:44]EMOTE: Ian/ : <B>Ian</B> chases their tail
[23:14:00]EMOTE: Experiment 68a/ : <B>Experiment 68a</B> clacks.
[23:14:18]SAY: Hannah Cypret/S_Sting : ≈п
[23:14:52]EMOTE: mouse (461)/ : <B>The mouse (461)</B> shakes.
[23:14:54]SAY: Ian/ : Woof!
[23:15:03]EMOTE: Experiment 68a/ : <B>Experiment 68a</B> clacks.
[23:15:27]SAY: mouse (773)/ : SQUEEK!
[23:15:31]SAY: mouse (807)/ : SQUEEK!
[23:15:53]SAY: Ian/ : Bark!
[23:15:55]EMOTE: crab/ : <B>The crab</B> clacks.
[23:16:24]SAY: mouse (808)/ : Squeek!
[23:16:26]ACCESS: Logout: S_Sting/(Hannah Cypret)


Starting up. 23:22.09
---------------------
[23:22:12]ADMIN: Loading jobban_rank
[23:22:12]ADMIN: jobban_keylist was empty
[23:22:12]ADMIN: Loading Banlist
[23:22:19]DEBUG: Rebuilding Master Controller
[23:22:27]ACCESS: Login: S_Sting/(S_Sting) from 127.0.0.1-1323850029 || BYOND v506
[23:22:36]OOC: S_Sting/S_Sting : &amp;#255;
[23:22:58]ADMIN: S_Sting has started the game.
[23:23:08]DEBUG: Next event of severity Mundane in 15.656 minutes.
[23:23:08]DEBUG: Next event of severity Moderate in 36.706 minutes.
[23:23:08]DEBUG: Next event of severity Major in 84.825 minutes.
[23:23:12]ACCESS: Logout: S_Sting/(S_Sting)
[23:23:14]ACCESS: Login: S_Sting/(S_Sting) from 127.0.0.1-1323850029 || BYOND v506
[23:23:20]EMOTE: mouse (838)/ : <B>The mouse (838)</B> squiks.
[23:23:24]SAY: Ian/ : Woof!
[23:23:35]ACCESS: Logout: *no key*/(S_Sting)
[23:23:35]ACCESS: Login: S_Sting/(Dallas Hughes) from 127.0.0.1-1323850029 || BYOND v506
[23:23:40]SAY: Dallas Hughes/S_Sting : &amp;#255;
[23:23:42]SAY: Dallas Hughes/S_Sting : &amp;#255;
[23:23:42]SAY: Dallas Hughes/S_Sting : &amp;#255;
[23:23:43]SAY: Dallas Hughes/S_Sting : &amp;#255;
[23:23:43]SAY: Dallas Hughes/S_Sting : &amp;#255;
[23:23:51]EMOTE: Experiment 68a/ : <B>Experiment 68a</B> clacks.
[23:23:55]EMOTE: Ian/ : <B>Ian</B> chases their tail
[23:23:59]EMOTE: Experiment 68a/ : <B>Experiment 68a</B> clicks.
[23:24:23]SAY: mouse (281)/ : Squeek!
[23:25:46]EMOTE: Ian/ : <B>Ian</B> chases their tail
[23:25:59]SAY: Tom (505)/ : SQUEEK!
[23:26:07]ACCESS: Logout: S_Sting/(Dallas Hughes)


Starting up. 23:30.38
---------------------
[23:30:40]ADMIN: Loading jobban_rank
[23:30:40]ADMIN: jobban_keylist was empty
[23:30:40]ADMIN: Loading Banlist
[23:30:47]DEBUG: Rebuilding Master Controller
[23:38:25]ACCESS: Login: S_Sting/(S_Sting) from 127.0.0.1-1323850029 || BYOND v506
[23:39:35]OOC: S_Sting/S_Sting : с
[23:39:44]OOC: S_Sting/S_Sting : о
[23:39:46]ACCESS: Logout: S_Sting/(S_Sting)


Starting up. 23:41.13
---------------------
[23:41:16]ADMIN: Loading jobban_rank
[23:41:16]ADMIN: jobban_keylist was empty
[23:41:16]ADMIN: Loading Banlist
[23:41:24]DEBUG: Rebuilding Master Controller
[23:42:02]ACCESS: Login: S_Sting/(S_Sting) from 127.0.0.1-1323850029 || BYOND v506
[23:42:19]OOC: S_Sting/S_Sting : &amp;#255
[23:42:34]ACCESS: Logout: S_Sting/(S_Sting)


Starting up. 23:53.19
---------------------
[23:53:22]ADMIN: Loading jobban_rank
[23:53:22]ADMIN: jobban_keylist was empty
[23:53:22]ADMIN: Loading Banlist
[23:53:28]DEBUG: Rebuilding Master Controller
[23:54:24]ACCESS: Login: S_Sting/(S_Sting) from 127.0.0.1-1323850029 || BYOND v506
[23:55:04]OOC: S_Sting/S_Sting : ф
[23:55:08]OOC: S_Sting/S_Sting : ф&amp;#255;
[23:55:19]ADMIN: S_Sting has started the game.
[23:55:20]ACCESS: Logout: *no key*/(S_Sting)
[23:55:20]ACCESS: Login: S_Sting/(Caitlyn Stern) from 127.0.0.1-1323850029 || BYOND v506
[23:55:21]ACCESS: Logout: *no key*/(Caitlyn Stern)
[23:55:21]ACCESS: Login: S_Sting/(Default Cyborg-540) from 127.0.0.1-1323850029 || BYOND v506
[23:55:24]DEBUG: Next event of severity Mundane in 16.198 minutes.
[23:55:24]DEBUG: Next event of severity Moderate in 38.148 minutes.
[23:55:24]DEBUG: Next event of severity Major in 81.0967 minutes.
[23:55:31]SAY: Default Cyborg-540/S_Sting : &amp;#255;
[23:55:34]EMOTE: mouse (127)/ : <B>The mouse (127)</B> runs in a circle.
[23:55:37]SAY: Default Cyborg-540/S_Sting : &amp;#255;
[23:55:42]EMOTE: Ian/ : <B>Ian</B> yaps.
[23:55:45]SAY: Default Cyborg-540/S_Sting : &amp;#255
[23:55:56]SAY: Default Cyborg-540/S_Sting : &amp;#255;
[23:56:38]EMOTE: mouse (324)/ : <B>The mouse (324)</B> shakes.
[23:56:52]EMOTE: Ian/ : <B>Ian</B> chases their tail
[23:57:11]EMOTE: mouse (668)/ : <B>The mouse (668)</B> runs in a circle.
[23:57:19]SAY: grey baby slime (519)/ : Blorble...
[23:57:57]SAY: mouse (301)/ : SQUEEK!
[23:59:23]EMOTE: mouse (668)/ : <B>The mouse (668)</B> squiks.
[23:59:52]SAY: mouse (127)/ : Squeek!
[00:00:30]EMOTE: Ian/ : <B>Ian</B> dances around
[00:00:38]SAY: grey baby slime (677)/ : Blorble...
[00:01:53]EMOTE: mouse (301)/ : <B>The mouse (301)</B> runs in a circle.
[00:02:23]EMOTE: mouse (127)/ : <B>The mouse (127)</B> squiks.
[00:02:39]EMOTE: Coffee/ : <B>Coffee</B> clicks.
[00:03:15]EMOTE: crab/ : <B>The crab</B> clacks.
[00:03:34]ACCESS: Logout: S_Sting/(Default Cyborg-540)
