

Starting up. 00:09.03
---------------------
[00:09:07]ADMIN: Loading jobban_rank
[00:09:07]ADMIN: jobban_keylist was empty
[00:09:07]ADMIN: Loading Banlist
[00:09:14]DEBUG: Rebuilding Master Controller
[00:09:44]ACCESS: Login: S_Sting/(S_Sting) from 127.0.0.1-1323850029 || BYOND v506
[00:09:51]OOC: S_Sting/S_Sting : &amp;#255;
[00:11:18]ACCESS: Logout: S_Sting/(S_Sting)


Starting up. 00:18.21
---------------------
[00:18:24]ADMIN: Loading jobban_rank
[00:18:24]ADMIN: jobban_keylist was empty
[00:18:24]ADMIN: Loading Banlist
[00:18:30]DEBUG: Rebuilding Master Controller
[00:19:24]ACCESS: Login: S_Sting/(S_Sting) from 127.0.0.1-1323850029 || BYOND v506
[00:19:41]OOC: S_Sting/S_Sting : &amp;#255;
[00:19:43]ACCESS: Logout: S_Sting/(S_Sting)


Starting up. 00:26.40
---------------------
[00:26:42]ADMIN: Loading jobban_rank
[00:26:42]ADMIN: jobban_keylist was empty
[00:26:42]ADMIN: Loading Banlist
[00:26:49]DEBUG: Rebuilding Master Controller
[00:27:23]ACCESS: Login: S_Sting/(S_Sting) from 127.0.0.1-1323850029 || BYOND v506
[00:27:34]OOC: S_Sting/S_Sting : &#255;
[00:29:15]VOTE: Gamemode vote started by the server.
[00:29:15]DEBUG: The server has called a gamemode vote
[00:30:15]VOTE: <b>Vote Result: Inconclusive - No Votes!</b>
[00:31:03]ACCESS: Logout: S_Sting/(S_Sting)


Starting up. 00:36.14
---------------------
[00:36:17]ADMIN: Loading jobban_rank
[00:36:17]ADMIN: jobban_keylist was empty
[00:36:17]ADMIN: Loading Banlist
[00:36:22]DEBUG: Rebuilding Master Controller
[00:36:38]ACCESS: Login: S_Sting/(S_Sting) from 127.0.0.1-1323850029 || BYOND v506
[00:36:56]OOC: S_Sting/S_Sting : пидор &#255;
[00:37:39]ADMIN: S_Sting has started the game.
[00:37:40]ACCESS: Logout: *no key*/(S_Sting)
[00:37:40]ACCESS: Login: S_Sting/(Jose James) from 127.0.0.1-1323850029 || BYOND v506
[00:37:43]DEBUG: Next event of severity Mundane in 15.622 minutes.
[00:37:43]DEBUG: Next event of severity Moderate in 36.262 minutes.
[00:37:43]DEBUG: Next event of severity Major in 97.825 minutes.
[00:37:50]SAY: Jose James/S_Sting :  то &#255;;&#255;
[00:37:53]SAY: Jose James/S_Sting : ѕидор &#255;;
[00:37:54]EMOTE: Experiment 68a/ : <B>Experiment 68a</B> clacks.
[00:38:14]EMOTE: crab/ : <B>The crab</B> clacks.
[00:38:18]EMOTE: Ian/ : <B>Ian</B> chases their tail
[00:38:20]SAY: Jose James/S_Sting : &#255;
[00:38:26]EMOTE: Experiment 68a/ : <B>Experiment 68a</B> clacks.
[00:39:19]SAY: grey baby slime (787)/ : Blop...
[00:39:25]SAY: mouse (973)/ : Squeek!
[00:39:45]EMOTE: Jose James/S_Sting : <B>Jose James</B> &#255; мудак
[00:39:51]EMOTE: Runtime/ : <B>Runtime</B> mews.
[00:40:19]EMOTE: mouse (666)/ : <B>The mouse (666)</B> squeeks.
[00:40:20]SAY: Jose James/S_Sting : &#255;; мудак
[00:40:46]SAY: grey baby slime (442)/ : Lonely...
[00:41:16]EMOTE: Experiment 68a/ : <B>Experiment 68a</B> clicks.
[00:41:34]SAY: Ian/ : Woof!
[00:42:26]EMOTE: Tom (19)/ : <B>Tom (19)</B> squiks.
[00:42:32]EMOTE: Ian/ : <B>Ian</B> dances around
[00:43:17]OOC: Jose James/S_Sting : &#255;
[00:43:56]SAY: mouse (564)/ : Squeek&#255;
[00:44:11]SAY: Jose James/S_Sting : &#255;;
[00:44:41]EMOTE: Coffee/ : <B>Coffee</B> clacks.
[00:44:47]EMOTE: Coffee/ : <B>Coffee</B> clicks.
[00:45:29]EMOTE: Runtime/ : <B>Runtime</B> mews.
[00:45:40]EMOTE: Ian/ : <B>Ian</B> dances around
[00:46:49]EMOTE: Ian/ : <B>Ian</B> chases their tail
[00:47:35]EMOTE: Ian/ : <B>Ian</B> dances around
[00:47:36]SAY: Jose James/S_Sting : &#255;;
[00:47:38]SAY: Jose James/S_Sting : &#255;;&#255;;
[00:47:40]SAY: Jose James/S_Sting : &#255;;&#255;;&#255;;
[00:47:41]SAY: Jose James/S_Sting : &#255;;
[00:47:42]SAY: Jose James/S_Sting : &#255;;
[00:47:43]SAY: Jose James/S_Sting : &#255;;
[00:47:43]SAY: Jose James/S_Sting : &#255;;
[00:47:49]EMOTE: Coffee/ : <B>Coffee</B> clacks.
[00:48:43]SAY: Jose James/S_Sting : #
[00:49:10]SAY: Runtime/ : Esp!
[00:49:18]ACCESS: Logout: S_Sting/(Jose James)


Starting up. 00:54.33
---------------------
[00:54:37]ADMIN: Loading jobban_rank
[00:54:37]ADMIN: jobban_keylist was empty
[00:54:37]ADMIN: Loading Banlist
[00:54:44]DEBUG: Rebuilding Master Controller
[00:55:34]ACCESS: Login: S_Sting/(S_Sting) from 127.0.0.1-1323850029 || BYOND v506
[00:55:40]OOC: S_Sting/S_Sting : &#255
[00:55:44]ACCESS: Logout: S_Sting/(S_Sting)
[00:56:36]ACCESS: Login: S_Sting/(S_Sting) from 127.0.0.1-1323850029 || BYOND v506
[00:56:41]OOC: S_Sting/S_Sting : ?
[00:56:44]ACCESS: Logout: S_Sting/(S_Sting)


Starting up. 01:00.37
---------------------
[01:00:39]ADMIN: Loading jobban_rank
[01:00:39]ADMIN: jobban_keylist was empty
[01:00:39]ADMIN: Loading Banlist
[01:00:46]DEBUG: Rebuilding Master Controller
[01:01:44]ACCESS: Login: S_Sting/(S_Sting) from 127.0.0.1-1323850029 || BYOND v506
[01:01:58]OOC: S_Sting/S_Sting : &#255;
[01:02:03]OOC: S_Sting/S_Sting : ?
[01:02:13]ADMIN: S_Sting has started the game.
[01:02:16]ACCESS: Logout: *no key*/(S_Sting)
[01:02:16]ACCESS: Login: S_Sting/(Haylee Woollard) from 127.0.0.1-1323850029 || BYOND v506
[01:02:26]SAY: Haylee Woollard/S_Sting : &#255;;
[01:02:27]DEBUG: Next event of severity Mundane in 17.48 minutes.
[01:02:27]DEBUG: Next event of severity Moderate in 49.16 minutes.
[01:02:27]DEBUG: Next event of severity Major in 93.41 minutes.
[01:02:29]SAY: Haylee Woollard/S_Sting : &#255;; пидор
[01:02:41]EMOTE: mouse (348)/ : <B>The mouse (348)</B> squeaks.
[01:02:47]SAY: grey baby slime (888)/ : Blorble...
[01:03:13]ACCESS: Logout: S_Sting/(Haylee Woollard)


Starting up. 01:07.14
---------------------
[01:07:19]ADMIN: Loading jobban_rank
[01:07:19]ADMIN: jobban_keylist was empty
[01:07:19]ADMIN: Loading Banlist
[01:07:27]DEBUG: Rebuilding Master Controller
[01:14:08]ACCESS: Login: S_Sting/(S_Sting) from 127.0.0.1-1323850029 || BYOND v506
[01:14:51]ADMIN: S_Sting has started the game.
[01:14:56]DEBUG: Next event of severity Mundane in 14.09 minutes.
[01:14:56]DEBUG: Next event of severity Moderate in 52.266 minutes.
[01:14:56]DEBUG: Next event of severity Major in 93.695 minutes.
[01:14:56]ACCESS: Logout: *no key*/(S_Sting)
[01:14:56]ACCESS: Login: S_Sting/(Holden Armstrong) from 127.0.0.1-1323850029 || BYOND v506
[01:15:01]SAY: Holden Armstrong/S_Sting : &amp;#255;;
[01:15:03]SAY: Holden Armstrong/S_Sting : &amp;#255;;&amp;#255;;
[01:15:07]OOC: Holden Armstrong/S_Sting : &#255;
[01:15:21]SAY: mouse (879)/ : Squeek?
[01:15:23]SAY: mouse (920)/ : SQUEEK!
[01:15:31]EMOTE: Coffee/ : <B>Coffee</B> clacks.
[01:15:33]EMOTE: Ian/ : <B>Ian</B> shivers.
[01:15:35]EMOTE: Ian/ : <B>Ian</B> dances around
[01:17:18]EMOTE: Coffee/ : <B>Coffee</B> clicks.
[01:17:50]SAY: grey baby slime (26)/ : Blorble...
[01:17:54]SAY: mouse (171)/ : SQUEEK!
[01:18:06]EMOTE: mouse (239)/ : <B>The mouse (239)</B> squeeks.
[01:18:06]EMOTE: Ian/ : <B>Ian</B> dances around
[01:18:19]ACCESS: Logout: S_Sting/(Holden Armstrong)


Starting up. 01:22.13
---------------------
[01:22:16]ADMIN: Loading jobban_rank
[01:22:16]ADMIN: jobban_keylist was empty
[01:22:16]ADMIN: Loading Banlist
[01:22:24]DEBUG: Rebuilding Master Controller
[01:22:47]ACCESS: Login: S_Sting/(S_Sting) from 127.0.0.1-1323850029 || BYOND v506
[01:23:17]ADMIN: S_Sting has started the game.
[01:23:30]DEBUG: Next event of severity Mundane in 16.184 minutes.
[01:23:30]DEBUG: Next event of severity Moderate in 42.72 minutes.
[01:23:30]DEBUG: Next event of severity Major in 95.1783 minutes.
[01:23:42]EMOTE: Coffee/ : <B>Coffee</B> clacks.
[01:23:54]ACCESS: Logout: *no key*/(S_Sting)
[01:23:54]ACCESS: Login: S_Sting/(Tiffany Fields) from 127.0.0.1-1323850029 || BYOND v506
[01:23:58]SAY: Tiffany Fields/S_Sting : &#255;;
[01:23:59]SAY: Tiffany Fields/S_Sting : &#255;;
[01:24:00]SAY: Tiffany Fields/S_Sting : &#255;;
[01:24:01]EMOTE: Runtime/ : <B>Runtime</B> shivers.
[01:24:33]EMOTE: Ian/ : <B>Ian</B> chases their tail
[01:25:15]EMOTE: mouse (180)/ : <B>The mouse (180)</B> squeeks.
[01:25:37]EMOTE: Experiment 68a/ : <B>Experiment 68a</B> clicks.
[01:25:41]ACCESS: Logout: S_Sting/(Tiffany Fields)


Starting up. 01:30.42
---------------------
[01:30:45]ADMIN: Loading jobban_rank
[01:30:45]ADMIN: jobban_keylist was empty
[01:30:45]ADMIN: Loading Banlist
[01:30:51]DEBUG: Rebuilding Master Controller
[01:31:21]ACCESS: Login: S_Sting/(S_Sting) from 127.0.0.1-1323850029 || BYOND v506
[01:31:53]ADMIN: S_Sting has started the game.
[01:32:03]DEBUG: Next event of severity Mundane in 12.564 minutes.
[01:32:03]DEBUG: Next event of severity Moderate in 37.72 minutes.
[01:32:03]DEBUG: Next event of severity Major in 95.4517 minutes.
[01:32:14]ACCESS: Logout: *no key*/(S_Sting)
[01:32:14]ACCESS: Login: S_Sting/(Luvenia Steele) from 127.0.0.1-1323850029 || BYOND v506
[01:32:20]SAY: Luvenia Steele/S_Sting : &#255;;
[01:32:22]SAY: Luvenia Steele/S_Sting : &#255;;
[01:32:22]SAY: Luvenia Steele/S_Sting : &#255;;
[01:32:22]SAY: Luvenia Steele/S_Sting : &#255;;
[01:32:23]SAY: Luvenia Steele/S_Sting : &#255;;&#255;;&#255;;&#255;;&#255;;
[01:32:26]SAY: Luvenia Steele/S_Sting : &#255;;&#255;;&#255;;&#255;;&#255;;&#255;;&#255;;&#255;;&#255;;&#255;;&#255;;&#255;;&#255;;&#255;;&#255;;&#255;;&#255;;&#255;;&#255;;&#255;;&#255;;&#255;;&#255;;&#255;;&#255;;&#255;;
[01:32:28]EMOTE: mouse (727)/ : <B>The mouse (727)</B> squiks.
[01:32:28]SAY: Experiment 97d/ : EHEHEHEHEH
[01:33:17]EMOTE: mouse (412)/ : <B>The mouse (412)</B> squeaks.
[01:33:26]EMOTE: Experiment 97d/ : <B>Experiment 97d</B> brays.
[01:34:02]EMOTE: mouse (236)/ : <B>The mouse (236)</B> squeeks.
[01:34:24]EMOTE: Ian/ : <B>Ian</B> chases their tail
[01:34:37]SAY: Luvenia Steele/S_Sting : r
[01:34:39]SAY: Luvenia Steele/S_Sting : 7
[01:34:41]SAY: Luvenia Steele/S_Sting : 6
[01:34:43]SAY: Luvenia Steele/S_Sting : 3
[01:34:47]SAY: Luvenia Steele/S_Sting : л
[01:34:49]SAY: Luvenia Steele/S_Sting : а
[01:34:51]SAY: mouse (767)/ : Squeek!
[01:35:06]EMOTE: Runtime/ : <B>Runtime</B> shakes their head.
[01:35:12]EMOTE: Experiment 68a/ : <B>Experiment 68a</B> clacks.
[01:35:13]SAY: Luvenia Steele/S_Sting : г
[01:35:17]SAY: Luvenia Steele/S_Sting : р л
[01:35:21]EMOTE: mouse (412)/ : <B>The mouse (412)</B> squeeks.
[01:35:29]EMOTE: mouse (767)/ : <B>The mouse (767)</B> squiks.
[01:36:00]SAY: Luvenia Steele/S_Sting : &#255;;
[01:36:10]SAY: Luvenia Steele/S_Sting : прр&#255;;
[01:36:17]SAY: mouse (515)/ : SQUEEK!
[01:36:21]EMOTE: crab/ : <B>The crab</B> clicks.
[01:36:37]EMOTE: mouse (412)/ : <B>The mouse (412)</B> squiks.
[01:36:39]EMOTE: mouse (767)/ : <B>The mouse (767)</B> shakes.
[01:37:15]EMOTE: mouse (412)/ : <B>The mouse (412)</B> scritches at something.
[01:37:32]EMOTE: mouse (767)/ : <B>The mouse (767)</B> runs in a circle.
[01:39:45]EMOTE: Coffee/ : <B>Coffee</B> clicks.
[01:40:38]EMOTE: Experiment 68a/ : <B>Experiment 68a</B> clicks.
[01:40:40]EMOTE: Coffee/ : <B>Coffee</B> clicks.
[01:40:46]EMOTE: Runtime/ : <B>Runtime</B> shivers.
[01:42:57]EMOTE: mouse (236)/ : <B>The mouse (236)</B> shakes.
[01:43:32]EMOTE: Ian/ : <B>Ian</B> chases their tail
[01:43:38]EMOTE: Coffee/ : <B>Coffee</B> clacks.
[01:44:06]SAY: grey baby slime (109)/ : Blorble...
[01:45:54]DEBUG: Next event of severity Mundane in 17.092 minutes.
[01:45:54]DEBUG: Starting event 'Mundane News' of severity Mundane.
[01:46:16]DEBUG: Event 'Mundane News' has completed at 12:13.
[01:47:25]EMOTE: Ian/ : <B>Ian</B> chases their tail
[01:48:05]EMOTE: Experiment 68a/ : <B>Experiment 68a</B> clacks.
[01:48:10]EMOTE: crab/ : <B>The crab</B> clacks.


Starting up. 07:49.10
---------------------
[07:49:13]ADMIN: Loading jobban_rank
[07:49:13]ADMIN: jobban_keylist was empty
[07:49:13]ADMIN: Loading Banlist
[07:49:18]DEBUG: Rebuilding Master Controller
[07:54:59]ACCESS: Login: S_Sting/(S_Sting) from 127.0.0.1-1323850029 || BYOND v506
[07:55:28]ADMIN: S_Sting has started the game.
[07:55:28]ACCESS: Logout: *no key*/(S_Sting)
[07:55:28]ACCESS: Login: S_Sting/(Sasha Jerome) from 127.0.0.1-1323850029 || BYOND v506
[07:55:35]DEBUG: Next event of severity Mundane in 15.734 minutes.
[07:55:35]DEBUG: Next event of severity Moderate in 49.568 minutes.
[07:55:35]DEBUG: Next event of severity Major in 86.5267 minutes.
[07:55:39]EMOTE: Ian/ : <B>Ian</B> chases their tail
[07:55:43]SAY: Sasha Jerome/S_Sting : &#255;;
[07:55:45]SAY: Sasha Jerome/S_Sting : &#255;;&#255;;&#255;;
[07:55:53]SAY: Sasha Jerome/S_Sting : t/
[07:55:53]EMOTE: mouse (147)/ : <B>The mouse (147)</B> runs in a circle.
[07:56:01]SAY: grey baby slime (168)/ : Lonely...
[07:56:32]SAY: Sasha Jerome/S_Sting : &amp;lt
[07:56:39]SAY: Sasha Jerome/S_Sting : &amp;lt:
[07:56:45]SAY: Sasha Jerome/S_Sting : )
[07:56:51]SAY: Runtime/ : Purr!
[07:57:09]EMOTE: mouse (608)/ : <B>The mouse (608)</B> squeaks.
[07:57:49]EMOTE: Ian/ : <B>Ian</B> dances around
[07:57:57]EMOTE: mouse (660)/ : <B>The mouse (660)</B> squeeks.
[07:58:09]EMOTE: Ian/ : <B>Ian</B> dances around
[07:58:40]EMOTE: Ian/ : <B>Ian</B> chases their tail
[07:59:14]SAY: mouse (608)/ : Squeek?
[07:59:18]EMOTE: mouse (407)/ : <B>The mouse (407)</B> squeaks.
[07:59:44]EMOTE: Ian/ : <B>Ian</B> dances around
[08:00:05]ADMIN: S_Sting/(Sasha Jerome) has used rudimentary transformation on S_Sting/(Sasha Jerome). Transforming to crab; deletemob=1
[08:00:05]ACCESS: Logout: *no key*/(Sasha Jerome)
[08:00:05]ACCESS: Login: S_Sting/(Sasha Jerome) from 127.0.0.1-1323850029 || BYOND v506
[08:00:11]EMOTE: mouse (608)/ : <B>The mouse (608)</B> squeaks.
[08:00:16]SAY: Sasha Jerome/S_Sting : &#255; деб
[08:00:59]EMOTE: mouse (439)/ : <B>The mouse (439)</B> shakes.
[08:01:17]ACCESS: Logout: S_Sting/(Sasha Jerome)
[08:10:37]ACCESS: Login: S_Sting/(Sasha Jerome) from 127.0.0.1-1323850029 || BYOND v506
[08:10:40]ACCESS: Logout: S_Sting/(Sasha Jerome)


Starting up. 08:18.47
---------------------
[08:18:49]ADMIN: Loading jobban_rank
[08:18:49]ADMIN: jobban_keylist was empty
[08:18:49]ADMIN: Loading Banlist
[08:18:56]DEBUG: Rebuilding Master Controller
[08:19:10]ACCESS: Login: S_Sting/(S_Sting) from 127.0.0.1-1323850029 || BYOND v506
[08:19:36]ADMIN: S_Sting has started the game.
[08:19:39]ACCESS: Logout: *no key*/(S_Sting)
[08:19:39]ACCESS: Login: S_Sting/(Danny Hunter) from 127.0.0.1-1323850029 || BYOND v506
[08:19:49]DEBUG: Next event of severity Mundane in 15.344 minutes.
[08:19:49]DEBUG: Next event of severity Moderate in 40.8 minutes.
[08:19:49]DEBUG: Next event of severity Major in 81.62 minutes.
[08:19:52]SAY: Danny Hunter/S_Sting : язь
[08:19:54]SAY: Danny Hunter/S_Sting : &#255;
[08:19:56]SAY: Danny Hunter/S_Sting : &#255;
[08:19:56]SAY: Danny Hunter/S_Sting : &#255;
[08:19:56]SAY: Danny Hunter/S_Sting : &#255;
[08:19:56]SAY: Danny Hunter/S_Sting : &#255;
[08:20:00]SAY: Danny Hunter/S_Sting : &#255;пидор
[08:20:15]SAY: Danny Hunter/S_Sting :  то пидор, &#255; добр
[08:20:15]EMOTE: mouse (236)/ : <B>The mouse (236)</B> squeeks.
[08:20:21]SAY: Danny Hunter/S_Sting : &#255;
[08:20:29]EMOTE: mouse (604)/ : <B>The mouse (604)</B> runs in a circle.
[08:20:37]EMOTE: mouse (430)/ : <B>The mouse (430)</B> squiks.
[08:20:39]EMOTE: mouse (236)/ : <B>The mouse (236)</B> runs in a circle.
[08:20:45]EMOTE: mouse (374)/ : <B>The mouse (374)</B> runs in a circle.
[08:20:59]ACCESS: Logout: S_Sting/(Danny Hunter)
