

Starting up. 18:33.49
---------------------
[18:33:52]ADMIN: Loading jobban_rank
[18:33:52]ADMIN: jobban_keylist was empty
[18:33:52]ADMIN: Loading Banlist
[18:33:59]DEBUG: Rebuilding Master Controller
[18:34:57]ACCESS: Login: S_Sting/(S_Sting) from 127.0.0.1-1323850029 || BYOND v506
[18:35:31]ADMIN: S_Sting has started the game.
[18:35:31]ACCESS: Logout: *no key*/(S_Sting)
[18:35:31]ACCESS: Login: S_Sting/(Alessandra Jowers) from 127.0.0.1-1323850029 || BYOND v506
[18:35:43]DEBUG: Next event of severity Mundane in 15.39 minutes.
[18:35:43]DEBUG: Next event of severity Moderate in 50.08 minutes.
[18:35:43]DEBUG: Next event of severity Major in 88.2067 minutes.
[18:36:40]EMOTE: Coffee/ : <B>Coffee</B> clacks.
[18:36:50]EMOTE: Tom (503)/ : <B>Tom (503)</B> runs in a circle.
[18:37:38]SAY: mouse (133)/ : SQUEEK!
[18:37:44]EMOTE: Runtime/ : <B>Runtime</B> shivers.
[18:37:44]EMOTE: Ian/ : <B>Ian</B> dances around
[18:37:47]SAY: Alessandra Jowers/S_Sting : Еба
[18:37:58]SAY: Ian/ : AUUUUUU
[18:38:14]EMOTE: Experiment 97d/ : <B>Experiment 97d</B> shakes its head.
[18:38:18]SAY: mouse (672)/ : SQUEEK!
[18:38:28]EMOTE: Experiment 68a/ : <B>Experiment 68a</B> clacks.
[18:38:44]SAY: Alessandra Jowers/S_Sting : Ах!
[18:38:46]SAY: mouse (428)/ : Squeek!
[18:39:19]EMOTE: Runtime/ : <B>Runtime</B> meows.
[18:39:25]EMOTE: Experiment 97d/ : <B>Experiment 97d</B> shakes its head.
[18:39:41]EMOTE: crab/ : <B>The crab</B> clacks.
[18:39:45]EMOTE: crab/ : <B>The crab</B> clacks.
[18:40:54]SAY: Ian/ : AUUUUUU
[18:40:57]SAY: mouse (103)/ : SQUEEK!
[18:41:05]EMOTE: Runtime/ : <B>Runtime</B> shivers.
[18:41:35]EMOTE: Ian/ : <B>Ian</B> shivers.
[18:42:17]SAY: Ian/ : AUUUUUU
[18:42:17]EMOTE: Ian/ : <B>Ian</B> chases their tail
[18:42:19]EMOTE: Tom (503)/ : <B>Tom (503)</B> shakes.
[18:42:27]EMOTE: Coffee/ : <B>Coffee</B> clicks.
[18:42:50]SAY: Runtime/ : HSSSSS
[18:43:18]EMOTE: Ian/ : <B>Ian</B> chases their tail
[18:43:34]EMOTE: Runtime/ : <B>Runtime</B> shakes their head.
[18:43:36]EMOTE: Ian/ : <B>Ian</B> dances around
[18:44:14]EMOTE: Coffee/ : <B>Coffee</B> clicks.
[18:46:34]EMOTE: Coffee/ : <B>Coffee</B> clacks.
[18:46:44]SAY: Ian/ : Bark!
[18:46:51]EMOTE: Ian/ : <B>Ian</B> yaps.
[18:47:07]EMOTE: Ian/ : <B>Ian</B> chases their tail
[18:47:17]SAY: mouse (114)/ : Squeek!
[18:48:41]EMOTE: Ian/ : <B>Ian</B> pants.
[18:49:03]EMOTE: Coffee/ : <B>Coffee</B> clacks.
[18:49:54]EMOTE: mouse (114)/ : <B>The mouse (114)</B> shakes.
[18:50:33]EMOTE: Experiment 68a/ : <B>Experiment 68a</B> clacks.
[18:50:57]SAY: grey baby slime (443)/ : Lonely...
[18:53:42]SAY: mouse (103)/ : Squeek?
[18:53:57]DEBUG: Next event of severity Mundane in 15.082 minutes.
[18:53:57]DEBUG: Starting event 'Economic News' of severity Mundane.
[18:54:00]EMOTE: Ian/ : <B>Ian</B> dances around
[18:54:15]EMOTE: crab/ : <B>The crab</B> clicks.
[18:56:43]SAY: grey baby slime (701)/ : Rawr...
[18:57:38]SAY: Runtime/ : Purr!
[18:57:44]OOC: Alessandra Jowers/S_Sting : <h1>Ne srabotaet</h1>
[18:57:50]EMOTE: Ian/ : <B>Ian</B> dances around
[18:58:08]OOC: Alessandra Jowers/S_Sting : <i>Pidora otvet</i>
[18:59:06]EMOTE: Ian/ : <B>Ian</B> dances around
[19:00:41]DEBUG: Event 'Economic News' has completed at 12:21.
[19:00:44]EMOTE: Experiment 68a/ : <B>Experiment 68a</B> clicks.
[19:00:52]EMOTE: crab/ : <B>The crab</B> clicks.
[19:01:48]EMOTE: Ian/ : <B>Ian</B> chases their tail
[19:02:06]EMOTE: crab/ : <B>The crab</B> clacks.
[19:03:41]SAY: Runtime/ : Purr!
[19:03:48]EMOTE: Experiment 68a/ : <B>Experiment 68a</B> clicks.
[19:04:02]SAY: Ian/ : YAP
[19:05:04]SAY: Ian/ : Bark!
[19:05:25]EMOTE: Ian/ : <B>Ian</B> dances around
[19:06:31]ACCESS: Logout: S_Sting/(Alessandra Jowers)


Starting up. 19:13.46
---------------------
[19:13:49]ADMIN: Loading jobban_rank
[19:13:49]ADMIN: jobban_keylist was empty
[19:13:49]ADMIN: Loading Banlist
[19:13:55]DEBUG: Rebuilding Master Controller
[19:14:41]ACCESS: Login: S_Sting/(S_Sting) from 127.0.0.1-1323850029 || BYOND v506
[19:14:48]OOC: S_Sting/S_Sting : Привет
[19:15:06]ADMIN: S_Sting has started the game.
[19:15:10]ACCESS: Logout: *no key*/(S_Sting)
[19:15:10]ACCESS: Login: S_Sting/(Mariabella Summy) from 127.0.0.1-1323850029 || BYOND v506
[19:15:20]DEBUG: Next event of severity Mundane in 14.424 minutes.
[19:15:20]DEBUG: Next event of severity Moderate in 47.848 minutes.
[19:15:20]DEBUG: Next event of severity Major in 89.42 minutes.
[19:15:24]EMOTE: Experiment 97d/ : <B>Experiment 97d</B> glares around.
[19:15:30]SAY: Mariabella Summy/S_Sting : Ололо
[19:15:48]EMOTE: mouse (434)/ : <B>The mouse (434)</B> shakes.
[19:15:53]SAY: mouse (148)/ : Squeek!
[19:15:55]EMOTE: Mariabella Summy/S_Sting : <B>Mariabella Summy</B> смеетс&#255;
[19:16:08]EMOTE: mouse (368)/ : <B>The mouse (368)</B> shakes.
[19:16:11]ACCESS: Logout: S_Sting/(Mariabella Summy)


Starting up. 23:08.11
---------------------
[23:08:15]ADMIN: Loading jobban_rank
[23:08:15]ADMIN: jobban_keylist was empty
[23:08:15]ADMIN: Loading Banlist
[23:08:22]DEBUG: Rebuilding Master Controller
[23:12:27]ACCESS: Login: S_Sting/(S_Sting) from 127.0.0.1-1323850029 || BYOND v506
[23:13:50]ADMIN: S_Sting deadmined themself.
[23:14:17]VOTE: Gamemode vote started by the server.
[23:14:17]DEBUG: The server has called a gamemode vote
[23:15:17]VOTE: <b>Vote Result: Inconclusive - No Votes!</b>
[23:16:54]DEBUG: Next event of severity Mundane in 15.704 minutes.
[23:16:54]DEBUG: Next event of severity Moderate in 53.902 minutes.
[23:16:54]DEBUG: Next event of severity Major in 93.2433 minutes.
[23:17:11]SAY: mouse (173)/ : SQUEEK!
[23:17:41]EMOTE: Ian/ : <B>Ian</B> dances around
[23:17:48]EMOTE: crab/ : <B>The crab</B> clicks.
[23:18:24]EMOTE: Ian/ : <B>Ian</B> dances around
[23:18:26]SAY: mouse (532)/ : Squeek?
[23:18:56]SAY: grey baby slime (936)/ : Blop...
[23:19:04]EMOTE: mouse (173)/ : <B>The mouse (173)</B> squeaks.
[23:19:24]EMOTE: Ian/ : <B>Ian</B> shakes its head.
[23:21:28]EMOTE: Experiment 68a/ : <B>Experiment 68a</B> clacks.
[23:23:25]SAY: Ian/ : Woof!
[23:23:51]EMOTE: crab/ : <B>The crab</B> clicks.
[23:23:59]EMOTE: Experiment 97d/ : <B>Experiment 97d</B> shakes its head.
[23:24:21]EMOTE: crab/ : <B>The crab</B> clicks.
[23:24:41]EMOTE: Ian/ : <B>Ian</B> dances around
[23:25:58]ACCESS: Logout: *no key*/(S_Sting)
[23:25:58]ACCESS: Login: S_Sting/(Audrey Laurenzi) from 127.0.0.1-1323850029 || BYOND v506
[23:26:10]EMOTE: crab/ : <B>The crab</B> clicks.
[23:26:53]SAY: Runtime/ : Purr!
[23:27:24]EMOTE: Runtime/ : <B>Runtime</B> shakes their head.
[23:27:36]EMOTE: Runtime/ : <B>Runtime</B> shakes their head.
[23:29:03]SAY: Runtime/ : Purr!
[23:29:55]EMOTE: Ian/ : <B>Ian</B> shivers.
[23:30:13]EMOTE: Ian/ : <B>Ian</B> chases their tail
[23:30:47]EMOTE: Experiment 97d/ : <B>Experiment 97d</B> shakes its head.
[23:31:16]EMOTE: Ian/ : <B>Ian</B> dances around
[23:32:40]EMOTE: Coffee/ : <B>Coffee</B> clicks.
[23:35:28]DEBUG: Next event of severity Mundane in 17.34 minutes.
[23:35:28]DEBUG: Starting event 'Economic News' of severity Mundane.
[23:36:25]EMOTE: Ian/ : <B>Ian</B> pants.
[23:36:39]SAY: Ian/ : Bark!
[23:37:32]SAY: Runtime/ : Esp!
[23:37:55]EMOTE: Ian/ : <B>Ian</B> dances around
[23:38:36]EMOTE: Experiment 97d/ : <B>Experiment 97d</B> shakes its head.
[23:38:46]EMOTE: crab/ : <B>The crab</B> clacks.
[23:39:13]EMOTE: Ian/ : <B>Ian</B> chases their tail
[23:39:54]SAY: Ian/ : AUUUUUU
[23:39:56]SAY: Runtime/ : Purr!
[23:39:58]SAY: grey baby slime (936)/ : Lonely...
[23:40:34]EMOTE: Experiment 97d/ : <B>Experiment 97d</B> shakes its head.
[23:42:34]EMOTE: Coffee/ : <B>Coffee</B> clacks.
[23:44:10]EMOTE: Ian/ : <B>Ian</B> dances around
[23:44:52]DEBUG: Event 'Economic News' has completed at 12:27.
[23:45:01]EMOTE: Experiment 97d/ : <B>Experiment 97d</B> stamps a foot.
[23:45:01]EMOTE: Experiment 68a/ : <B>Experiment 68a</B> clicks.
[23:46:48]EMOTE: crab/ : <B>The crab</B> clicks.
[23:48:06]EMOTE: crab/ : <B>The crab</B> clacks.
[23:48:08]EMOTE: Coffee/ : <B>Coffee</B> clicks.
[23:51:09]SAY: Runtime/ : Esp!
[23:51:21]EMOTE: Experiment 97d/ : <B>Experiment 97d</B> glares around.
[23:51:51]SAY: Runtime/ : Purr!
[23:53:16]EMOTE: Coffee/ : <B>Coffee</B> clicks.
[23:53:18]EMOTE: Coffee/ : <B>Coffee</B> clacks.
[23:53:43]EMOTE: Experiment 97d/ : <B>Experiment 97d</B> stamps a foot.
[23:54:01]EMOTE: crab/ : <B>The crab</B> clicks.
[23:55:34]EMOTE: crab/ : <B>The crab</B> clacks.
[23:55:36]SAY: Runtime/ : Esp!
[23:56:07]DEBUG: Next event of severity Mundane in 13.674 minutes.
[23:56:07]DEBUG: Starting event 'Trivial News' of severity Mundane.
[23:56:26]SAY: Runtime/ : Esp!
[23:56:28]EMOTE: Runtime/ : <B>Runtime</B> shivers.
[23:56:29]DEBUG: Event 'Trivial News' has completed at 12:37.
[23:57:08]EMOTE: Experiment 97d/ : <B>Experiment 97d</B> glares around.
[23:57:14]SAY: Runtime/ : Meow!
[23:58:08]EMOTE: Experiment 97d/ : <B>Experiment 97d</B> shakes its head.
[23:58:10]EMOTE: Runtime/ : <B>Runtime</B> shakes their head.
[23:58:36]EMOTE: Experiment 68a/ : <B>Experiment 68a</B> clacks.
[23:59:18]EMOTE: Coffee/ : <B>Coffee</B> clicks.
[23:59:38]EMOTE: Runtime/ : <B>Runtime</B> mews.
[00:00:04]EMOTE: Experiment 97d/ : <B>Experiment 97d</B> stamps a foot.
[00:01:04]EMOTE: Experiment 97d/ : <B>Experiment 97d</B> shakes its head.
[00:01:26]SAY: grey baby slime (254)/ : Lonely...
[00:01:36]SAY: grey baby slime (936)/ : Blop...
[00:02:24]EMOTE: Ian/ : <B>Ian</B> dances around
[00:02:40]EMOTE: Coffee/ : <B>Coffee</B> clicks.
[00:03:06]EMOTE: Ian/ : <B>Ian</B> dances around
[00:03:14]EMOTE: crab/ : <B>The crab</B> clacks.
[00:03:52]EMOTE: Ian/ : <B>Ian</B> chases their tail
[00:03:56]EMOTE: Experiment 68a/ : <B>Experiment 68a</B> clacks.
[00:06:13]SAY: grey baby slime (936)/ : Hungry...
[00:06:31]SAY: Experiment 97d/ : EHEHEHEHEH
[00:06:44]EMOTE: Coffee/ : <B>Coffee</B> clicks.
[00:07:08]ACCESS: Logout: S_Sting/(Audrey Laurenzi)
