

Starting up. 00:18.53
---------------------
[00:18:57]ADMIN: Loading jobban_rank
[00:18:57]ADMIN: jobban_keylist was empty
[00:18:57]ADMIN: Loading Banlist
[00:19:03]DEBUG: Rebuilding Master Controller


Starting up. 14:28.19
---------------------
[14:28:21]ADMIN: Loading jobban_rank
[14:28:21]ADMIN: jobban_keylist was empty
[14:28:21]ADMIN: Loading Banlist
[14:28:27]DEBUG: Rebuilding Master Controller
[14:29:11]ACCESS: Login: S_Sting/(S_Sting) from 127.0.0.1-1323850029 || BYOND v506
[14:30:55]VOTE: Gamemode vote started by the server.
[14:30:55]DEBUG: The server has called a gamemode vote
[14:30:56]ADMIN: S_Sting has started the game.
[14:30:57]ACCESS: Logout: *no key*/(S_Sting)
[14:30:57]ACCESS: Login: S_Sting/(Gerardo Metzer) from 127.0.0.1-1323850029 || BYOND v506
[14:31:03]DEBUG: Next event of severity Mundane in 14.908 minutes.
[14:31:03]DEBUG: Next event of severity Moderate in 53.586 minutes.
[14:31:03]DEBUG: Next event of severity Major in 92.5983 minutes.
[14:31:30]EMOTE: mouse (608)/ : <B>The mouse (608)</B> scritches at something.
[14:31:50]EMOTE: mouse (695)/ : <B>The mouse (695)</B> squeaks.
[14:32:32]EMOTE: mouse (436)/ : <B>The mouse (436)</B> runs in a circle.
[14:32:56]SAY: grey baby slime (53)/ : Blop...
[14:33:45]EMOTE: mouse (639)/ : <B>The mouse (639)</B> runs in a circle.
[14:34:39]SAY: mouse (608)/ : SQUEEK!
[14:34:59]EMOTE: Experiment 68a/ : <B>Experiment 68a</B> clacks.
[14:35:17]SAY: grey baby slime (53)/ : Lonely...
[14:35:25]EMOTE: mouse (116)/ : <B>The mouse (116)</B> runs in a circle.
[14:37:38]EMOTE: Ian/ : <B>Ian</B> chases their tail
[14:37:46]SAY: Runtime/ : HSSSSS
[14:37:48]EMOTE: Coffee/ : <B>Coffee</B> clicks.
[14:38:04]EMOTE: mouse (116)/ : <B>The mouse (116)</B> squeeks.
[14:38:16]EMOTE: Ian/ : <B>Ian</B> chases their tail
[14:38:32]EMOTE: mouse (324)/ : <B>The mouse (324)</B> squeaks.
[14:39:12]EMOTE: Experiment 97d/ : <B>Experiment 97d</B> glares around.
[14:39:59]OOC: Gerardo Metzer/S_Sting : Lol
[14:40:55]EMOTE: Ian/ : <B>Ian</B> chases their tail
[14:42:30]EMOTE: Ian/ : <B>Ian</B> chases their tail
[14:42:42]SAY: grey baby slime (431)/ : Blorble...
[14:42:55]SAY: grey baby slime (53)/ : Blop...
[14:43:03]EMOTE: Ian/ : <B>Ian</B> dances around
[14:43:17]EMOTE: mouse (324)/ : <B>The mouse (324)</B> squeaks.
[14:43:19]EMOTE: Ian/ : <B>Ian</B> dances around
[14:43:41]SAY: grey baby slime (431)/ : Lonely...
[14:43:41]EMOTE: crab/ : <B>The crab</B> clacks.
[14:43:57]EMOTE: Coffee/ : <B>Coffee</B> clicks.
[14:44:44]EMOTE: mouse (324)/ : <B>The mouse (324)</B> scritches at something.
[14:45:45]SAY: Experiment 97d/ : Eh?
[14:45:57]EMOTE: mouse (324)/ : <B>The mouse (324)</B> runs in a circle.
[14:47:38]EMOTE: Experiment 68a/ : <B>Experiment 68a</B> clicks.
[14:47:42]DEBUG: Next event of severity Mundane in 16.096 minutes.
[14:47:42]DEBUG: Starting event 'Vermin Infestation' of severity Mundane.
[14:48:06]DEBUG: Event 'Vermin Infestation' has completed at 12:16.
[14:48:39]SAY: Experiment 97d/ : Eh?
[14:49:39]EMOTE: crab/ : <B>The crab</B> clacks.
[14:49:57]EMOTE: Ian/ : <B>Ian</B> shakes its head.
[14:50:13]EMOTE: Ian/ : <B>Ian</B> chases their tail
[14:50:23]EMOTE: Experiment 68a/ : <B>Experiment 68a</B> clacks.
[14:50:38]EMOTE: Coffee/ : <B>Coffee</B> clacks.
[14:51:04]SAY: Runtime/ : Meow!
[14:52:35]SAY: mouse (324)/ : Squeek!
[14:53:42]SAY: mouse (324)/ : SQUEEK!
[14:54:14]EMOTE: Coffee/ : <B>Coffee</B> clicks.
[14:54:24]EMOTE: crab/ : <B>The crab</B> clicks.
[14:54:44]EMOTE: mouse (324)/ : <B>The mouse (324)</B> squiks.
[14:57:14]EMOTE: Coffee/ : <B>Coffee</B> clacks.
[14:58:01]EMOTE: Experiment 97d/ : <B>Experiment 97d</B> brays.
[14:58:19]EMOTE: Coffee/ : <B>Coffee</B> clicks.
[15:01:26]EMOTE: Coffee/ : <B>Coffee</B> clicks.
[15:01:34]SAY: grey baby slime (431)/ : Blop...
[15:01:38]EMOTE: Ian/ : <B>Ian</B> dances around
[15:03:33]EMOTE: mouse (324)/ : <B>The mouse (324)</B> shakes.
[15:03:58]EMOTE: Experiment 97d/ : <B>Experiment 97d</B> shakes its head.
[15:04:12]EMOTE: Runtime/ : <B>Runtime</B> shivers.
[15:04:32]EMOTE: mouse (324)/ : <B>The mouse (324)</B> runs in a circle.
[15:05:19]EMOTE: Experiment 97d/ : <B>Experiment 97d</B> stamps a foot.
[15:05:40]DEBUG: Next event of severity Mundane in 12.85 minutes.
[15:05:40]DEBUG: Starting event 'Trivial News' of severity Mundane.
[15:05:43]EMOTE: Coffee/ : <B>Coffee</B> clicks.
[15:06:03]DEBUG: Event 'Trivial News' has completed at 12:32.
[15:06:35]EMOTE: Ian/ : <B>Ian</B> dances around
[15:06:57]EMOTE: crab/ : <B>The crab</B> clacks.
[15:08:31]SAY: Ian/ : YAP
[15:09:22]EMOTE: Experiment 68a/ : <B>Experiment 68a</B> clicks.
[15:09:36]EMOTE: Ian/ : <B>Ian</B> chases their tail
[15:09:45]ACCESS: Logout: S_Sting/(Gerardo Metzer)


Starting up. 15:12.38
---------------------
[15:12:42]ADMIN: Loading jobban_rank
[15:12:42]ADMIN: jobban_keylist was empty
[15:12:42]ADMIN: Loading Banlist
[15:12:52]DEBUG: Rebuilding Master Controller
[15:13:18]ACCESS: Login: S_Sting/(S_Sting) from 127.0.0.1-1323850029 || BYOND v506
[15:15:08]VOTE: Gamemode vote started by the server.
[15:15:08]DEBUG: The server has called a gamemode vote
[15:15:52]ADMIN: S_Sting has started the game.
[15:15:52]ACCESS: Logout: *no key*/(S_Sting)
[15:15:52]ACCESS: Login: S_Sting/(Romeo Byers) from 127.0.0.1-1323850029 || BYOND v506
[15:15:56]DEBUG: Next event of severity Mundane in 13.05 minutes.
[15:15:56]DEBUG: Next event of severity Moderate in 52.282 minutes.
[15:15:56]DEBUG: Next event of severity Major in 90.04 minutes.
[15:15:58]SAY: Ian/ : Woof!
[15:16:05]ADMIN: S_Sting/(Romeo Byers) spawned /mob/OOC_bot at (123,168,1)
[15:16:09]EMOTE: mouse (381)/ : <B>The mouse (381)</B> scritches at something.
[15:16:10]ADMIN: S_Sting/(Romeo Byers) spawned /mob/OOC_bot at (124,169,1)
[15:16:13]EMOTE: mouse (639)/ : <B>The mouse (639)</B> scritches at something.
[15:16:27]EMOTE: mouse (381)/ : <B>The mouse (381)</B> runs in a circle.
[15:17:01]EMOTE: mouse (167)/ : <B>The mouse (167)</B> squeeks.
[15:17:21]EMOTE: Ian/ : <B>Ian</B> yaps.
[15:17:23]EMOTE: Coffee/ : <B>Coffee</B> clicks.
[15:18:05]SAY: grey baby slime (439)/ : Lonely...
[15:18:23]EMOTE: mouse (363)/ : <B>The mouse (363)</B> shakes.
[15:20:32]EMOTE: Coffee/ : <B>Coffee</B> clacks.
[15:21:32]EMOTE: Ian/ : <B>Ian</B> dances around
[15:26:42]EMOTE: Experiment 68a/ : <B>Experiment 68a</B> clacks.
[15:26:54]EMOTE: mouse (167)/ : <B>The mouse (167)</B> runs in a circle.
[15:27:08]SAY: grey baby slime (911)/ : Rawr...
[15:27:50]EMOTE: Runtime/ : <B>Runtime</B> meows.
[15:28:14]EMOTE: Coffee/ : <B>Coffee</B> clicks.
[15:28:24]EMOTE: Ian/ : <B>Ian</B> dances around
[15:28:32]EMOTE: Ian/ : <B>Ian</B> chases their tail
[15:28:50]EMOTE: Experiment 97d/ : <B>Experiment 97d</B> brays.
[15:29:18]EMOTE: Ian/ : <B>Ian</B> chases their tail
[15:29:22]SAY: mouse (167)/ : SQUEEK!
[15:30:28]SAY: grey baby slime (911)/ : Blorble...
[15:30:36]EMOTE: Ian/ : <B>Ian</B> pants.
[15:30:55]DEBUG: Next event of severity Mundane in 13.664 minutes.
[15:30:55]DEBUG: Starting event 'Lost Carp' of severity Mundane.
[15:31:06]EMOTE: Coffee/ : <B>Coffee</B> clacks.
[15:31:26]EMOTE: Coffee/ : <B>Coffee</B> clacks.
[15:31:40]EMOTE: Experiment 97d/ : <B>Experiment 97d</B> glares around.
[15:31:58]SAY: Ian/ : YAP
[15:32:24]EMOTE: Experiment 97d/ : <B>Experiment 97d</B> brays.
[15:32:52]EMOTE: Experiment 68a/ : <B>Experiment 68a</B> clicks.
[15:33:14]EMOTE: Ian/ : <B>Ian</B> barks.
[15:33:21]SAY: grey baby slime (439)/ : Blorble...
[15:33:23]EMOTE: Ian/ : <B>Ian</B> chases their tail
[15:35:11]EMOTE: crab/ : <B>The crab</B> clicks.
[15:35:13]EMOTE: Coffee/ : <B>Coffee</B> clicks.
[15:35:25]SAY: Ian/ : Woof!
[15:35:54]EMOTE: crab/ : <B>The crab</B> clicks.
[15:36:26]SAY: Runtime/ : HSSSSS
[15:36:26]EMOTE: Ian/ : <B>Ian</B> chases their tail
[15:36:40]EMOTE: mouse (167)/ : <B>The mouse (167)</B> runs in a circle.
[15:36:42]SAY: Runtime/ : HSSSSS
[15:38:58]ACCESS: Logout: S_Sting/(Romeo Byers)


Starting up. 15:46.23
---------------------
[15:46:26]ADMIN: Loading jobban_rank
[15:46:26]ADMIN: jobban_keylist was empty
[15:46:26]ADMIN: Loading Banlist
[15:46:33]DEBUG: Rebuilding Master Controller
[15:47:46]ACCESS: Login: S_Sting/(S_Sting) from 127.0.0.1-1323850029 || BYOND v506
[15:48:36]ADMIN: S_Sting has started the game.
[15:48:37]ACCESS: Logout: *no key*/(S_Sting)
[15:48:37]ACCESS: Login: S_Sting/(Shane Swarner) from 127.0.0.1-1323850029 || BYOND v506
[15:48:40]DEBUG: Next event of severity Mundane in 14.798 minutes.
[15:48:40]DEBUG: Next event of severity Moderate in 49.492 minutes.
[15:48:40]DEBUG: Next event of severity Major in 88.255 minutes.
[15:49:05]EMOTE: mouse (897)/ : <B>The mouse (897)</B> shakes.
[15:49:19]SAY: mouse (897)/ : SQUEEK!
[15:49:21]SAY: Experiment 97d/ : Eh?
[15:49:25]EMOTE: Ian/ : <B>Ian</B> shakes its head.
[15:49:41]SAY: mouse (664)/ : Squeek?
[15:49:49]SAY: grey baby slime (656)/ : Rawr...
[15:50:30]EMOTE: mouse (9)/ : <B>The mouse (9)</B> squiks.
[15:50:40]EMOTE: Experiment 68a/ : <B>Experiment 68a</B> clicks.
[15:50:50]EMOTE: Coffee/ : <B>Coffee</B> clacks.
[15:51:06]EMOTE: Ian/ : <B>Ian</B> dances around
[15:51:26]EMOTE: mouse (9)/ : <B>The mouse (9)</B> runs in a circle.
[15:51:42]SAY: mouse (9)/ : SQUEEK!
[15:52:33]ACCESS: Logout: S_Sting/(Shane Swarner)


Starting up. 16:02.14
---------------------
[16:02:17]ADMIN: Loading jobban_rank
[16:02:17]ADMIN: jobban_keylist was empty
[16:02:17]ADMIN: Loading Banlist
[16:02:23]DEBUG: Rebuilding Master Controller
[16:02:45]ACCESS: Login: S_Sting/(S_Sting) from 127.0.0.1-1323850029 || BYOND v506
[16:04:22]ACCESS: Logout: S_Sting/(S_Sting)
[16:04:22]ACCESS: Login: S_Sting/(S_Sting) from 127.0.0.1-1323850029 || BYOND v506
[16:04:36]ADMIN: S_Sting/(S_Sting) delayed the game.
[16:04:37]ADMIN: S_Sting/(S_Sting) removed the delay.
[16:04:37]ADMIN: S_Sting has started the game.
[16:04:38]ACCESS: Logout: *no key*/(S_Sting)
[16:04:38]ACCESS: Login: S_Sting/(Trey Moon) from 127.0.0.1-1323850029 || BYOND v506
[16:04:41]DEBUG: Next event of severity Mundane in 17.03 minutes.
[16:04:41]DEBUG: Next event of severity Moderate in 48.758 minutes.
[16:04:41]DEBUG: Next event of severity Major in 95.21 minutes.
[16:04:54]EMOTE: Ian/ : <B>Ian</B> woofs.
[16:05:22]EMOTE: Coffee/ : <B>Coffee</B> clicks.
[16:06:04]EMOTE: Tom (789)/ : <B>Tom (789)</B> squeaks.
[16:06:17]EMOTE: Experiment 68a/ : <B>Experiment 68a</B> clacks.
[16:06:31]EMOTE: mouse (610)/ : <B>The mouse (610)</B> scritches at something.
[16:06:47]SAY: mouse (368)/ : SQUEEK!
[16:06:50]ACCESS: Logout: S_Sting/(Trey Moon)
[16:07:07]ACCESS: Login: S_Sting/(Trey Moon) from 127.0.0.1-1323850029 || BYOND v506
[16:07:18]ACCESS: Logout: S_Sting/(Trey Moon)


Starting up. 16:12.21
---------------------
[16:12:26]ADMIN: Loading jobban_rank
[16:12:26]ADMIN: jobban_keylist was empty
[16:12:26]ADMIN: Loading Banlist
[16:12:39]DEBUG: Rebuilding Master Controller
[16:13:24]ACCESS: Login: S_Sting/(S_Sting) from 127.0.0.1-1323850029 || BYOND v506
[16:15:50]VOTE: Gamemode vote started by the server.
[16:15:50]DEBUG: The server has called a gamemode vote
[16:16:33]ACCESS: Logout: S_Sting/(S_Sting)


Starting up. 16:23.19
---------------------
[16:23:23]ADMIN: Loading jobban_rank
[16:23:23]ADMIN: jobban_keylist was empty
[16:23:23]ADMIN: Loading Banlist
[16:23:30]DEBUG: Rebuilding Master Controller
[16:24:49]ACCESS: Login: S_Sting/(S_Sting) from 127.0.0.1-1323850029 || BYOND v506
[16:25:57]ACCESS: Logout: S_Sting/(S_Sting)


Starting up. 16:33.08
---------------------
[16:33:11]ADMIN: Loading jobban_rank
[16:33:11]ADMIN: jobban_keylist was empty
[16:33:11]ADMIN: Loading Banlist
[16:33:17]DEBUG: Rebuilding Master Controller
[16:33:35]ACCESS: Login: S_Sting/(S_Sting) from 127.0.0.1-1323850029 || BYOND v506
[16:34:05]ADMIN: S_Sting has started the game.
[16:34:08]ACCESS: Logout: *no key*/(S_Sting)
[16:34:08]ACCESS: Login: S_Sting/(Andrew Sanders) from 127.0.0.1-1323850029 || BYOND v506
[16:34:21]DEBUG: Next event of severity Mundane in 12.774 minutes.
[16:34:21]DEBUG: Next event of severity Moderate in 49.146 minutes.
[16:34:21]DEBUG: Next event of severity Major in 95.6467 minutes.
[16:34:32]EMOTE: Ian/ : <B>Ian</B> dances around
[16:34:42]SAY: mouse (52)/ : Squeek!
[16:35:38]EMOTE: Ian/ : <B>Ian</B> dances around
[16:36:00]EMOTE: Experiment 97d/ : <B>Experiment 97d</B> brays.
[16:36:16]EMOTE: Tom (885)/ : <B>Tom (885)</B> runs in a circle.
[16:36:18]EMOTE: mouse (415)/ : <B>The mouse (415)</B> squeaks.
[16:36:50]EMOTE: mouse (415)/ : <B>The mouse (415)</B> squeeks.
[16:36:52]SAY: mouse (656)/ : Squeek?
[16:36:57]SAY: grey baby slime (840)/ : Rawr...
[16:36:58]ACCESS: Logout: S_Sting/(Andrew Sanders)
