

Starting up. 23:11.55
---------------------
[23:11:58]ADMIN: Loading jobban_rank
[23:11:58]ADMIN: jobban_keylist was empty
[23:11:58]ADMIN: Loading Banlist
[23:12:03]DEBUG: Rebuilding Master Controller
[23:16:43]ACCESS: Login: S_Sting/(S_Sting) from 127.0.0.1-1323850029 || BYOND v506
[23:17:37]ADMIN: S_Sting has started the game.
[23:17:38]ACCESS: Logout: *no key*/(S_Sting)
[23:17:38]ACCESS: Login: S_Sting/(ED-209) from 127.0.0.1-1323850029 || BYOND v506
[23:17:42]DEBUG: Next event of severity Mundane in 17.056 minutes.
[23:17:42]DEBUG: Next event of severity Moderate in 46.488 minutes.
[23:17:42]DEBUG: Next event of severity Major in 82.425 minutes.
[23:17:55]SAY: Tom (456)/ : SQUEEK!
[23:17:56]GAME: <a href='?priv_msg=[0x5000000]'>S_Sting</a>/(ED-209) has ghosted.
[23:17:56]ACCESS: Logout: *no key*/(ED-209)
[23:17:57]ACCESS: Login: S_Sting/(ED-209) from 127.0.0.1-1323850029 || BYOND v506
[23:18:23]ACCESS: Logout: S_Sting/(ED-209)


Starting up. 23:51.57
---------------------
[23:52:00]ADMIN: Loading jobban_rank
[23:52:00]ADMIN: jobban_keylist was empty
[23:52:00]ADMIN: Loading Banlist
[23:52:07]DEBUG: Rebuilding Master Controller
[23:52:20]ACCESS: Login: S_Sting/(S_Sting) from 127.0.0.1-1323850029 || BYOND v506
[23:53:58]ADMIN: S_Sting has started the game.
[23:53:59]ACCESS: Logout: *no key*/(S_Sting)
[23:53:59]ACCESS: Login: S_Sting/(Alexis Raub) from 127.0.0.1-1323850029 || BYOND v506
[23:54:03]EMOTE: Ian/ : <B>Ian</B> chases their tail
[23:54:04]DEBUG: Next event of severity Mundane in 12.7 minutes.
[23:54:04]DEBUG: Next event of severity Moderate in 49.892 minutes.
[23:54:04]DEBUG: Next event of severity Major in 99.235 minutes.
[23:54:07]EMOTE: Coffee/ : <B>Coffee</B> clicks.
[23:54:34]ADMIN: S_Sting/(Alexis Raub) jumped to 158,113,1 in the Genetics Lab
[23:56:23]EMOTE: Tom (661)/ : <B>Tom (661)</B> squeeks.
[23:56:27]SAY: grey baby slime (720)/ : Lonely...
[23:56:27]EMOTE: crab/ : <B>The crab</B> clacks.
[23:56:33]EMOTE: mouse (765)/ : <B>The mouse (765)</B> scritches at something.
[23:56:41]EMOTE: Coffee/ : <B>Coffee</B> clacks.
[23:56:43]EMOTE: Coffee/ : <B>Coffee</B> clicks.
[23:56:59]SAY: grey baby slime (990)/ : Rawr...
[23:57:32]EMOTE: Experiment 97d/ : <B>Experiment 97d</B> shakes its head.
[23:57:56]EMOTE: crab/ : <B>The crab</B> clacks.
[23:58:08]EMOTE: mouse (21)/ : <B>The mouse (21)</B> scritches at something.
[23:58:23]ACCESS: Logout: S_Sting/(Alexis Raub)
