

Starting up. 22:31.05
---------------------
[22:31:09]ADMIN: Loading jobban_rank
[22:31:09]ADMIN: jobban_keylist was empty
[22:31:09]ADMIN: Loading Banlist
[22:31:20]DEBUG: Rebuilding Master Controller
[22:34:28]ACCESS: Login: S_Sting/(S_Sting) from 127.0.0.1-1323850029 || BYOND v506
[22:35:07]VOTE: Gamemode vote started by the server.
[22:35:07]DEBUG: The server has called a gamemode vote
[22:36:06]ADMIN: S_Sting has started the game.
[22:36:07]ACCESS: Logout: *no key*/(S_Sting)
[22:36:07]ACCESS: Login: S_Sting/(Rafael Welty) from 127.0.0.1-1323850029 || BYOND v506
[22:36:15]DEBUG: Next event of severity Mundane in 14.306 minutes.
[22:36:15]DEBUG: Next event of severity Moderate in 49.888 minutes.
[22:36:15]DEBUG: Next event of severity Major in 96.815 minutes.
[22:36:17]SAY: grey baby slime (781)/ : Blorble...
[22:37:10]EMOTE: Experiment 68a/ : <B>Experiment 68a</B> clacks.
[22:37:19]ADMIN: S_Sting/(Rafael Welty) jumped to 86,119,1 in the Cargo Office
[22:37:23]ADMIN: S_Sting/(Rafael Welty) jumped to 82,121,1 in the Cargo Bay
[22:37:30]SAY: grey baby slime (886)/ : Blorble...
[22:37:42]ADMIN: S_Sting/(Rafael Welty) : &#255; ебан
[22:37:44]SAY: grey baby slime (886)/ : Rawr...
[22:37:48]ADMIN: S_Sting/(Rafael Welty) jumped to 86,122,1 in the Cargo Office
[22:37:51]ADMIN: S_Sting/(Rafael Welty) jumped to 92,119,1 in the Cargo Office
[22:38:12]EMOTE: mouse (702)/ : <B>The mouse (702)</B> runs in a circle.
[22:38:15]ACCESS: Logout: S_Sting/(Rafael Welty)
[22:41:39]ACCESS: Login: S_Sting/(Rafael Welty) from 127.0.0.1-1323850029 || BYOND v506
[22:42:03]EMOTE: crab/ : <B>The crab</B> clicks.
[22:42:05]ACCESS: Logout: *no key*/(Rafael Welty)
[22:42:05]ACCESS: Login: S_Sting/(Rafael Welty) from 127.0.0.1-1323850029 || BYOND v506
[22:42:05]ADMIN: *no key*/(Rafael Welty) used gibself.
[22:42:12]ACCESS: Logout: *no key*/(Rafael Welty)
[22:42:12]ACCESS: Login: S_Sting/(Rafael Welty) from 127.0.0.1-1323850029 || BYOND v506
[22:42:15]EMOTE: Ian/ : <B>Ian</B> dances around
[22:42:23]EMOTE: mouse (308)/ : <B>The mouse (308)</B> squeeks.
[22:42:25]SAY: Experiment 97d/ : Eh?
[22:42:59]EMOTE: Experiment 68a/ : <B>Experiment 68a</B> clacks.
[22:43:02]EMOTE: Runtime/ : <B>Runtime</B> mews.
[22:43:32]EMOTE: Ian/ : <B>Ian</B> chases their tail
[22:43:59]SAY: Runtime/ : Meow!
[22:44:43]EMOTE: mouse (274)/ : <B>The mouse (274)</B> squiks.
[22:45:35]EMOTE: Coffee/ : <B>Coffee</B> clicks.
[22:47:00]EMOTE: Ian/ : <B>Ian</B> yaps.
[22:48:05]EMOTE: Coffee/ : <B>Coffee</B> clacks.
[22:48:29]SAY: grey baby slime (886)/ : Lonely...
[22:51:51]SAY: Experiment 97d/ : EHEHEHEHEH
[22:52:26]EMOTE: mouse (420)/ : <B>The mouse (420)</B> squiks.
[22:52:40]EMOTE: crab/ : <B>The crab</B> clicks.
[22:52:42]EMOTE: Tom (875)/ : <B>Tom (875)</B> scritches at something.
[22:52:52]EMOTE: Ian/ : <B>Ian</B> dances around
[22:53:20]SAY: Runtime/ : HSSSSS
[22:53:39]EMOTE: Ian/ : <B>Ian</B> chases their tail
[22:53:41]EMOTE: Experiment 97d/ : <B>Experiment 97d</B> shakes its head.
[22:53:57]EMOTE: Ian/ : <B>Ian</B> dances around
[22:54:59]EMOTE: Ian/ : <B>Ian</B> chases their tail
[22:56:18]SAY: Experiment 97d/ : EHEHEHEHEH
[22:56:53]SAY: Ian/ : AUUUUUU
[22:56:59]EMOTE: Experiment 68a/ : <B>Experiment 68a</B> clicks.
[22:57:21]DEBUG: Next event of severity Mundane in 15.614 minutes.
[22:57:21]DEBUG: Starting event 'Vermin Infestation' of severity Mundane.
[22:57:45]DEBUG: Event 'Vermin Infestation' has completed at 12:16.
[22:58:13]SAY: Runtime/ : Purr!
[22:58:17]ACCESS: Logout: S_Sting/(Rafael Welty)
[22:59:53]ACCESS: Login: S_Sting/(Rafael Welty) from 127.0.0.1-1323850029 || BYOND v506
[23:00:36]EMOTE: crab/ : <B>The crab</B> clicks.
[23:00:51]EMOTE: Ian/ : <B>Ian</B> chases their tail
[23:01:49]EMOTE: crab/ : <B>The crab</B> clacks.
[23:04:43]EMOTE: Experiment 68a/ : <B>Experiment 68a</B> clicks.
[23:04:54]ACCESS: Logout: S_Sting/(Rafael Welty)
